<?xml version="1.0" encoding="UTF-8"?>
<testng-results ignored="0" total="2" passed="2" failed="0" skipped="0">
  <reporter-output>
  </reporter-output>
  <suite started-at="2021-06-11T12:11:17Z" name="Suite" finished-at="2021-06-11T12:11:35Z" duration-ms="18604">
    <groups>
    </groups>
    <test started-at="2021-06-11T12:11:17Z" name="Chrome" finished-at="2021-06-11T12:11:32Z" duration-ms="14873">
      <class name="com.bjs.testngdemo.CrossBrowserDemo">
        <test-method is-config="true" signature="beforeMethod(java.lang.String)[pri:0, instance:com.bjs.testngdemo.CrossBrowserDemo@6a47b187]" started-at="2021-06-11T12:11:17Z" name="beforeMethod" finished-at="2021-06-11T12:11:21Z" duration-ms="4174" status="PASS">
          <params>
            <param index="0">
              <value>
                <![CDATA[Chrome]]>
              </value>
            </param>
          </params>
          <reporter-output>
          </reporter-output>
        </test-method> <!-- beforeMethod -->
        <test-method signature="positivecredentials()[pri:0, instance:com.bjs.testngdemo.CrossBrowserDemo@6a47b187]" started-at="2021-06-11T12:11:21Z" name="positivecredentials" finished-at="2021-06-11T12:11:32Z" duration-ms="10651" status="PASS">
          <reporter-output>
          </reporter-output>
        </test-method> <!-- positivecredentials -->
      </class> <!-- com.bjs.testngdemo.CrossBrowserDemo -->
    </test> <!-- Chrome -->
    <test started-at="2021-06-11T12:11:17Z" name="Firefox" finished-at="2021-06-11T12:11:35Z" duration-ms="18604">
      <class name="com.bjs.testngdemo.CrossBrowserDemo">
        <test-method is-config="true" signature="beforeMethod(java.lang.String)[pri:0, instance:com.bjs.testngdemo.CrossBrowserDemo@198d6542]" started-at="2021-06-11T12:11:17Z" name="beforeMethod" finished-at="2021-06-11T12:11:25Z" duration-ms="8291" status="PASS">
          <params>
            <param index="0">
              <value>
                <![CDATA[Firefox]]>
              </value>
            </param>
          </params>
          <reporter-output>
          </reporter-output>
        </test-method> <!-- beforeMethod -->
        <test-method signature="positivecredentials()[pri:0, instance:com.bjs.testngdemo.CrossBrowserDemo@198d6542]" started-at="2021-06-11T12:11:25Z" name="positivecredentials" finished-at="2021-06-11T12:11:35Z" duration-ms="10267" status="PASS">
          <reporter-output>
          </reporter-output>
        </test-method> <!-- positivecredentials -->
      </class> <!-- com.bjs.testngdemo.CrossBrowserDemo -->
    </test> <!-- Firefox -->
  </suite> <!-- Suite -->
</testng-results>
